<?xml version="1.0" encoding="UTF-8"?>
<testsuite xmlns:xsi="http://www.w3.org/2001/XMLSchema-instance" xsi:noNamespaceSchemaLocation="https://maven.apache.org/surefire/maven-surefire-plugin/xsd/surefire-test-report.xsd" version="3.0.2" name="com.controller.GaojianReviewFlowTest" time="0.801" tests="20" errors="0" skipped="0" failures="0">
  <properties>
[...]
</properties>
  <testcase name="testAdminAssign_wrongStatus_rejected" classname="com.controller.GaojianReviewFlowTest" time="0.62"/>
  <testcase name="testAdminAssign_success" classname="com.controller.GaojianReviewFlowTest" time="0.005"/>
  <testcase name="testFullWorkflow" classname="com.controller.GaojianReviewFlowTest" time="0.077">
    <system-out><![CDATA[2026-06-13 17:18:10 -0    [main] DEBUG   - save鏂规硶:,,Controller:com.controller.GaojianController,,gaojian:Gaojian{id=null, zuozheId=null, zhuanjiaId=null, gaojianName=瀹屾暣娴佺▼娴嬭瘯璁烘枃, gaojianTypes=1, gaojianContent=null, gaojianFile=/upload/v1.doc, insertTime=null, gaojianYesnoTypes=null, gaojianShenheContent=null, gaojianStatusTypes=null, gaojianFileHistory=null, gaojianYesnoText=null, createTime=null}
]]></system-out>
  </testcase>
  <testcase name="testAuthorRevision_notAuthor_rejected" classname="com.controller.GaojianReviewFlowTest" time="0.001"/>
  <testcase name="testAuthorSubmit_notAuthor_rejected" classname="com.controller.GaojianReviewFlowTest" time="0.002">
    <system-out><![CDATA[2026-06-13 17:18:10 -75   [main] DEBUG   - save鏂规硶:,,Controller:com.controller.GaojianController,,gaojian:Gaojian{id=null, zuozheId=null, zhuanjiaId=null, gaojianName=娴嬭瘯璁烘枃, gaojianTypes=null, gaojianContent=null, gaojianFile=null, insertTime=null, gaojianYesnoTypes=null, gaojianShenheContent=null, gaojianStatusTypes=null, gaojianFileHistory=null, gaojianYesnoText=null, createTime=null}
]]></system-out>
  </testcase>
  <testcase name="testExpertReview_luyong_success" classname="com.controller.GaojianReviewFlowTest" time="0.001"/>
  <testcase name="testUpdate_expertBypass_rejected" classname="com.controller.GaojianReviewFlowTest" time="0.003">
    <system-out><![CDATA[2026-06-13 17:18:10 -79   [main] DEBUG   - update鏂规硶:,,Controller:com.controller.GaojianController,,gaojian:Gaojian{id=1, zuozheId=null, zhuanjiaId=null, gaojianName=淇敼鍚嶇О, gaojianTypes=null, gaojianContent=null, gaojianFile=null, insertTime=null, gaojianYesnoTypes=null, gaojianShenheContent=null, gaojianStatusTypes=null, gaojianFileHistory=null, gaojianYesnoText=null, createTime=null}
]]></system-out>
  </testcase>
  <testcase name="testExpertReview_notAssigned_rejected" classname="com.controller.GaojianReviewFlowTest" time="0.001"/>
  <testcase name="testExpertReview_wrongStatus_rejected" classname="com.controller.GaojianReviewFlowTest" time="0.001"/>
  <testcase name="testAdminFinalDecision_luyong" classname="com.controller.GaojianReviewFlowTest" time="0.001"/>
  <testcase name="testExpertReview_xiuhui_success" classname="com.controller.GaojianReviewFlowTest" time="0.002"/>
  <testcase name="testAuthorSubmit_success" classname="com.controller.GaojianReviewFlowTest" time="0.01">
    <system-out><![CDATA[2026-06-13 17:18:10 -87   [main] DEBUG   - save鏂规硶:,,Controller:com.controller.GaojianController,,gaojian:Gaojian{id=null, zuozheId=null, zhuanjiaId=null, gaojianName=娴嬭瘯璁烘枃, gaojianTypes=1, gaojianContent=鎽樿, gaojianFile=/upload/test.doc, insertTime=null, gaojianYesnoTypes=null, gaojianShenheContent=null, gaojianStatusTypes=null, gaojianFileHistory=null, gaojianYesnoText=null, createTime=null}
]]></system-out>
  </testcase>
  <testcase name="testAdminFinalDecision_illegalDecision_rejected" classname="com.controller.GaojianReviewFlowTest" time="0.0"/>
  <testcase name="testAdminFinalDecision_tuigao" classname="com.controller.GaojianReviewFlowTest" time="0.0"/>
  <testcase name="testExpertReview_illegalConclusion_rejected" classname="com.controller.GaojianReviewFlowTest" time="0.0"/>
  <testcase name="testDelete_nonAdmin_rejected" classname="com.controller.GaojianReviewFlowTest" time="0.003">
    <system-out><![CDATA[2026-06-13 17:18:10 -99   [main] DEBUG   - delete:,,Controller:com.controller.GaojianController,,ids:[Ljava.lang.Integer;@3b4ef7
]]></system-out>
  </testcase>
  <testcase name="testAdminAssign_notAdmin_rejected" classname="com.controller.GaojianReviewFlowTest" time="0.0"/>
  <testcase name="testAuthorRevision_success" classname="com.controller.GaojianReviewFlowTest" time="0.002"/>
  <testcase name="testUpdate_authorCannotChangeStatus" classname="com.controller.GaojianReviewFlowTest" time="0.002">
    <system-out><![CDATA[2026-06-13 17:18:10 -104  [main] DEBUG   - update鏂规硶:,,Controller:com.controller.GaojianController,,gaojian:Gaojian{id=1, zuozheId=null, zhuanjiaId=null, gaojianName=淇敼鍚嶇О, gaojianTypes=null, gaojianContent=null, gaojianFile=null, insertTime=null, gaojianYesnoTypes=null, gaojianShenheContent=null, gaojianStatusTypes=1, gaojianFileHistory=null, gaojianYesnoText=null, createTime=null}
]]></system-out>
  </testcase>
  <testcase name="testAuthorRevision_wrongStatus_rejected" classname="com.controller.GaojianReviewFlowTest" time="0.001"/>
</testsuite>